# JRE version: Java(TM) SE Runtime Environment (8.0_60-b27) (build 1.8.0_60-b27)
# Java VM: Java HotSpot(TM) 64-Bit Server VM (25.60-b23 mixed mode windows-amd64 compressed oops)
Heap:
 PSYoungGen      total 76288K, used 0K [0x000000076b180000, 0x0000000770680000, 0x00000007c0000000)
  eden space 65536K, 0% used [0x000000076b180000,0x000000076b180000,0x000000076f180000)
  from space 10752K, 0% used [0x000000076fc00000,0x000000076fc00000,0x0000000770680000)
  to   space 10752K, 0% used [0x000000076f180000,0x000000076f180000,0x000000076fc00000)
 ParOldGen       total 175104K, used 23916K [0x00000006c1400000, 0x00000006cbf00000, 0x000000076b180000)
  object space 175104K, 13% used [0x00000006c1400000,0x00000006c2b5b348,0x00000006cbf00000)
 Metaspace       used 14090K, capacity 14284K, committed 14592K, reserved 1062912K
  class space    used 1336K, capacity 1411K, committed 1536K, reserved 1048576K
GC Heap History (10 events):
Event: 8.022 GC heap before
{Heap before GC invocations=26 (full 12):
 PSYoungGen      total 76288K, used 65536K [0x000000076b180000, 0x0000000770680000, 0x00000007c0000000)
  eden space 65536K, 100% used [0x000000076b180000,0x000000076f180000,0x000000076f180000)
  from space 10752K, 0% used [0x000000076f180000,0x000000076f180000,0x000000076fc00000)
  to   space 10752K, 0% used [0x000000076fc00000,0x000000076fc00000,0x0000000770680000)
 ParOldGen       total 175104K, used 44395K [0x00000006c1400000, 0x00000006cbf00000, 0x000000076b180000)
  object space 175104K, 25% used [0x00000006c1400000,0x00000006c3f5aeb8,0x00000006cbf00000)
 Metaspace       used 14086K, capacity 14278K, committed 14592K, reserved 1062912K
  class space    used 1335K, capacity 1410K, committed 1536K, reserved 1048576K
Event: 8.023 GC heap after
Heap after GC invocations=26 (full 12):
 PSYoungGen      total 76288K, used 32K [0x000000076b180000, 0x0000000770680000, 0x00000007c0000000)
  eden space 65536K, 0% used [0x000000076b180000,0x000000076b180000,0x000000076f180000)
  from space 10752K, 0% used [0x000000076fc00000,0x000000076fc08000,0x0000000770680000)
  to   space 10752K, 0% used [0x000000076f180000,0x000000076f180000,0x000000076fc00000)
 ParOldGen       total 175104K, used 44395K [0x00000006c1400000, 0x00000006cbf00000, 0x000000076b180000)
  object space 175104K, 25% used [0x00000006c1400000,0x00000006c3f5aeb8,0x00000006cbf00000)
 Metaspace       used 14086K, capacity 14278K, committed 14592K, reserved 1062912K
  class space    used 1335K, capacity 1410K, committed 1536K, reserved 1048576K
}
Event: 10.733 GC heap before
{Heap before GC invocations=27 (full 12):
 PSYoungGen      total 76288K, used 35900K [0x000000076b180000, 0x0000000770680000, 0x00000007c0000000)
  eden space 65536K, 54% used [0x000000076b180000,0x000000076d487098,0x000000076f180000)
  from space 10752K, 0% used [0x000000076fc00000,0x000000076fc08000,0x0000000770680000)
  to   space 10752K, 0% used [0x000000076f180000,0x000000076f180000,0x000000076fc00000)
 ParOldGen       total 175104K, used 44395K [0x00000006c1400000, 0x00000006cbf00000, 0x000000076b180000)
  object space 175104K, 25% used [0x00000006c1400000,0x00000006c3f5aeb8,0x00000006cbf00000)
 Metaspace       used 14090K, capacity 14284K, committed 14592K, reserved 1062912K
  class space    used 1336K, capacity 1411K, committed 1536K, reserved 1048576K
Event: 10.734 GC heap after
Heap after GC invocations=27 (full 12):
 PSYoungGen      total 76288K, used 128K [0x000000076b180000, 0x0000000770680000, 0x00000007c0000000)
  eden space 65536K, 0% used [0x000000076b180000,0x000000076b180000,0x000000076f180000)
  from space 10752K, 1% used [0x000000076f180000,0x000000076f1a0000,0x000000076fc00000)
  to   space 10752K, 0% used [0x000000076fc00000,0x000000076fc00000,0x0000000770680000)
 ParOldGen       total 175104K, used 44395K [0x00000006c1400000, 0x00000006cbf00000, 0x000000076b180000)
  object space 175104K, 25% used [0x00000006c1400000,0x00000006c3f5aeb8,0x00000006cbf00000)
 Metaspace       used 14090K, capacity 14284K, committed 14592K, reserved 1062912K
  class space    used 1336K, capacity 1411K, committed 1536K, reserved 1048576K
}
Event: 10.734 GC heap before
{Heap before GC invocations=28 (full 13):
 PSYoungGen      total 76288K, used 128K [0x000000076b180000, 0x0000000770680000, 0x00000007c0000000)
  eden space 65536K, 0% used [0x000000076b180000,0x000000076b180000,0x000000076f180000)
  from space 10752K, 1% used [0x000000076f180000,0x000000076f1a0000,0x000000076fc00000)
  to   space 10752K, 0% used [0x000000076fc00000,0x000000076fc00000,0x0000000770680000)
 ParOldGen       total 175104K, used 44395K [0x00000006c1400000, 0x00000006cbf00000, 0x000000076b180000)
  object space 175104K, 25% used [0x00000006c1400000,0x00000006c3f5aeb8,0x00000006cbf00000)
 Metaspace       used 14090K, capacity 14284K, committed 14592K, reserved 1062912K
  class space    used 1336K, capacity 1411K, committed 1536K, reserved 1048576K
Event: 10.816 GC heap after
Heap after GC invocations=28 (full 13):
 PSYoungGen      total 76288K, used 0K [0x000000076b180000, 0x0000000770680000, 0x00000007c0000000)
  eden space 65536K, 0% used [0x000000076b180000,0x000000076b180000,0x000000076f180000)
  from space 10752K, 0% used [0x000000076f180000,0x000000076f180000,0x000000076fc00000)
  to   space 10752K, 0% used [0x000000076fc00000,0x000000076fc00000,0x0000000770680000)
 ParOldGen       total 175104K, used 23918K [0x00000006c1400000, 0x00000006cbf00000, 0x000000076b180000)
  object space 175104K, 13% used [0x00000006c1400000,0x00000006c2b5b8a8,0x00000006cbf00000)
 Metaspace       used 14090K, capacity 14284K, committed 14592K, reserved 1062912K
  class space    used 1336K, capacity 1411K, committed 1536K, reserved 1048576K
}
Event: 10.826 GC heap before
{Heap before GC invocations=29 (full 13):
 PSYoungGen      total 76288K, used 1172K [0x000000076b180000, 0x0000000770680000, 0x00000007c0000000)
  eden space 65536K, 1% used [0x000000076b180000,0x000000076b2a53f8,0x000000076f180000)
  from space 10752K, 0% used [0x000000076f180000,0x000000076f180000,0x000000076fc00000)
  to   space 10752K, 0% used [0x000000076fc00000,0x000000076fc00000,0x0000000770680000)
 ParOldGen       total 175104K, used 23918K [0x00000006c1400000, 0x00000006cbf00000, 0x000000076b180000)
  object space 175104K, 13% used [0x00000006c1400000,0x00000006c2b5b8a8,0x00000006cbf00000)
 Metaspace       used 14090K, capacity 14284K, committed 14592K, reserved 1062912K
  class space    used 1336K, capacity 1411K, committed 1536K, reserved 1048576K
Event: 10.826 GC heap after
Heap after GC invocations=29 (full 13):
 PSYoungGen      total 76288K, used 64K [0x000000076b180000, 0x0000000770680000, 0x00000007c0000000)
  eden space 65536K, 0% used [0x000000076b180000,0x000000076b180000,0x000000076f180000)
  from space 10752K, 0% used [0x000000076fc00000,0x000000076fc10000,0x0000000770680000)
  to   space 10752K, 0% used [0x000000076f180000,0x000000076f180000,0x000000076fc00000)
 ParOldGen       total 175104K, used 23918K [0x00000006c1400000, 0x00000006cbf00000, 0x000000076b180000)
  object space 175104K, 13% used [0x00000006c1400000,0x00000006c2b5b8a8,0x00000006cbf00000)
 Metaspace       used 14090K, capacity 14284K, committed 14592K, reserved 1062912K
  class space    used 1336K, capacity 1411K, committed 1536K, reserved 1048576K
}
Event: 10.826 GC heap before
{Heap before GC invocations=30 (full 14):
 PSYoungGen      total 76288K, used 64K [0x000000076b180000, 0x0000000770680000, 0x00000007c0000000)
  eden space 65536K, 0% used [0x000000076b180000,0x000000076b180000,0x000000076f180000)
  from space 10752K, 0% used [0x000000076fc00000,0x000000076fc10000,0x0000000770680000)
  to   space 10752K, 0% used [0x000000076f180000,0x000000076f180000,0x000000076fc00000)
 ParOldGen       total 175104K, used 23918K [0x00000006c1400000, 0x00000006cbf00000, 0x000000076b180000)
  object space 175104K, 13% used [0x00000006c1400000,0x00000006c2b5b8a8,0x00000006cbf00000)
 Metaspace       used 14090K, capacity 14284K, committed 14592K, reserved 1062912K
  class space    used 1336K, capacity 1411K, committed 1536K, reserved 1048576K
Event: 10.890 GC heap after
Heap after GC invocations=30 (full 14):
 PSYoungGen      total 76288K, used 0K [0x000000076b180000, 0x0000000770680000, 0x00000007c0000000)
  eden space 65536K, 0% used [0x000000076b180000,0x000000076b180000,0x000000076f180000)
  from space 10752K, 0% used [0x000000076fc00000,0x000000076fc00000,0x0000000770680000)
  to   space 10752K, 0% used [0x000000076f180000,0x000000076f180000,0x000000076fc00000)
 ParOldGen       total 175104K, used 23916K [0x00000006c1400000, 0x00000006cbf00000, 0x000000076b180000)
  object space 175104K, 13% used [0x00000006c1400000,0x00000006c2b5b348,0x00000006cbf00000)
 Metaspace       used 14090K, capacity 14284K, committed 14592K, reserved 1062912K
  class space    used 1336K, capacity 1411K, committed 1536K, reserved 1048576K
}

