# JRE version: Java(TM) SE Runtime Environment (8.0_91-b14) (build 1.8.0_91-b14)
# Java VM: Java HotSpot(TM) 64-Bit Server VM (25.91-b14 mixed mode windows-amd64 compressed oops)
Heap:
 PSYoungGen      total 76288K, used 693K [0x000000076b180000, 0x0000000770680000, 0x00000007c0000000)
  eden space 65536K, 1% used [0x000000076b180000,0x000000076b22d758,0x000000076f180000)
  from space 10752K, 0% used [0x000000076fc00000,0x000000076fc00000,0x0000000770680000)
  to   space 10752K, 0% used [0x000000076f180000,0x000000076f180000,0x000000076fc00000)
 ParOldGen       total 175104K, used 14445K [0x00000006c1400000, 0x00000006cbf00000, 0x000000076b180000)
  object space 175104K, 8% used [0x00000006c1400000,0x00000006c221b4f8,0x00000006cbf00000)
 Metaspace       used 14295K, capacity 14476K, committed 14848K, reserved 1062912K
  class space    used 1355K, capacity 1411K, committed 1536K, reserved 1048576K
GC Heap History (10 events):
Event: 3.965 GC heap before
{Heap before GC invocations=20 (full 8):
 PSYoungGen      total 76288K, used 65632K [0x000000076b180000, 0x0000000770680000, 0x00000007c0000000)
  eden space 65536K, 100% used [0x000000076b180000,0x000000076f180000,0x000000076f180000)
  from space 10752K, 0% used [0x000000076f180000,0x000000076f198000,0x000000076fc00000)
  to   space 10752K, 0% used [0x000000076fc00000,0x000000076fc00000,0x0000000770680000)
 ParOldGen       total 175104K, used 14442K [0x00000006c1400000, 0x00000006cbf00000, 0x000000076b180000)
  object space 175104K, 8% used [0x00000006c1400000,0x00000006c221aaa0,0x00000006cbf00000)
 Metaspace       used 14277K, capacity 14476K, committed 14848K, reserved 1062912K
  class space    used 1355K, capacity 1411K, committed 1536K, reserved 1048576K
Event: 3.966 GC heap after
Heap after GC invocations=20 (full 8):
 PSYoungGen      total 76288K, used 64K [0x000000076b180000, 0x0000000770680000, 0x00000007c0000000)
  eden space 65536K, 0% used [0x000000076b180000,0x000000076b180000,0x000000076f180000)
  from space 10752K, 0% used [0x000000076fc00000,0x000000076fc10000,0x0000000770680000)
  to   space 10752K, 0% used [0x000000076f180000,0x000000076f180000,0x000000076fc00000)
 ParOldGen       total 175104K, used 14442K [0x00000006c1400000, 0x00000006cbf00000, 0x000000076b180000)
  object space 175104K, 8% used [0x00000006c1400000,0x00000006c221aaa0,0x00000006cbf00000)
 Metaspace       used 14277K, capacity 14476K, committed 14848K, reserved 1062912K
  class space    used 1355K, capacity 1411K, committed 1536K, reserved 1048576K
}
Event: 4.120 GC heap before
{Heap before GC invocations=21 (full 8):
 PSYoungGen      total 76288K, used 42525K [0x000000076b180000, 0x0000000770680000, 0x00000007c0000000)
  eden space 65536K, 64% used [0x000000076b180000,0x000000076daf7458,0x000000076f180000)
  from space 10752K, 0% used [0x000000076fc00000,0x000000076fc10000,0x0000000770680000)
  to   space 10752K, 0% used [0x000000076f180000,0x000000076f180000,0x000000076fc00000)
 ParOldGen       total 175104K, used 14442K [0x00000006c1400000, 0x00000006cbf00000, 0x000000076b180000)
  object space 175104K, 8% used [0x00000006c1400000,0x00000006c221aaa0,0x00000006cbf00000)
 Metaspace       used 14293K, capacity 14476K, committed 14848K, reserved 1062912K
  class space    used 1355K, capacity 1411K, committed 1536K, reserved 1048576K
Event: 4.121 GC heap after
Heap after GC invocations=21 (full 8):
 PSYoungGen      total 76288K, used 64K [0x000000076b180000, 0x0000000770680000, 0x00000007c0000000)
  eden space 65536K, 0% used [0x000000076b180000,0x000000076b180000,0x000000076f180000)
  from space 10752K, 0% used [0x000000076f180000,0x000000076f190000,0x000000076fc00000)
  to   space 10752K, 0% used [0x000000076fc00000,0x000000076fc00000,0x0000000770680000)
 ParOldGen       total 175104K, used 14450K [0x00000006c1400000, 0x00000006cbf00000, 0x000000076b180000)
  object space 175104K, 8% used [0x00000006c1400000,0x00000006c221caa0,0x00000006cbf00000)
 Metaspace       used 14293K, capacity 14476K, committed 14848K, reserved 1062912K
  class space    used 1355K, capacity 1411K, committed 1536K, reserved 1048576K
}
Event: 4.121 GC heap before
{Heap before GC invocations=22 (full 9):
 PSYoungGen      total 76288K, used 64K [0x000000076b180000, 0x0000000770680000, 0x00000007c0000000)
  eden space 65536K, 0% used [0x000000076b180000,0x000000076b180000,0x000000076f180000)
  from space 10752K, 0% used [0x000000076f180000,0x000000076f190000,0x000000076fc00000)
  to   space 10752K, 0% used [0x000000076fc00000,0x000000076fc00000,0x0000000770680000)
 ParOldGen       total 175104K, used 14450K [0x00000006c1400000, 0x00000006cbf00000, 0x000000076b180000)
  object space 175104K, 8% used [0x00000006c1400000,0x00000006c221caa0,0x00000006cbf00000)
 Metaspace       used 14293K, capacity 14476K, committed 14848K, reserved 1062912K
  class space    used 1355K, capacity 1411K, committed 1536K, reserved 1048576K
Event: 4.136 GC heap after
Heap after GC invocations=22 (full 9):
 PSYoungGen      total 76288K, used 0K [0x000000076b180000, 0x0000000770680000, 0x00000007c0000000)
  eden space 65536K, 0% used [0x000000076b180000,0x000000076b180000,0x000000076f180000)
  from space 10752K, 0% used [0x000000076f180000,0x000000076f180000,0x000000076fc00000)
  to   space 10752K, 0% used [0x000000076fc00000,0x000000076fc00000,0x0000000770680000)
 ParOldGen       total 175104K, used 14446K [0x00000006c1400000, 0x00000006cbf00000, 0x000000076b180000)
  object space 175104K, 8% used [0x00000006c1400000,0x00000006c221b9b8,0x00000006cbf00000)
 Metaspace       used 14293K, capacity 14476K, committed 14848K, reserved 1062912K
  class space    used 1355K, capacity 1411K, committed 1536K, reserved 1048576K
}
Event: 4.136 GC heap before
{Heap before GC invocations=23 (full 9):
 PSYoungGen      total 76288K, used 1237K [0x000000076b180000, 0x0000000770680000, 0x00000007c0000000)
  eden space 65536K, 1% used [0x000000076b180000,0x000000076b2b5688,0x000000076f180000)
  from space 10752K, 0% used [0x000000076f180000,0x000000076f180000,0x000000076fc00000)
  to   space 10752K, 0% used [0x000000076fc00000,0x000000076fc00000,0x0000000770680000)
 ParOldGen       total 175104K, used 14446K [0x00000006c1400000, 0x00000006cbf00000, 0x000000076b180000)
  object space 175104K, 8% used [0x00000006c1400000,0x00000006c221b9b8,0x00000006cbf00000)
 Metaspace       used 14293K, capacity 14476K, committed 14848K, reserved 1062912K
  class space    used 1355K, capacity 1411K, committed 1536K, reserved 1048576K
Event: 4.137 GC heap after
Heap after GC invocations=23 (full 9):
 PSYoungGen      total 76288K, used 64K [0x000000076b180000, 0x0000000770680000, 0x00000007c0000000)
  eden space 65536K, 0% used [0x000000076b180000,0x000000076b180000,0x000000076f180000)
  from space 10752K, 0% used [0x000000076fc00000,0x000000076fc10000,0x0000000770680000)
  to   space 10752K, 0% used [0x000000076f180000,0x000000076f180000,0x000000076fc00000)
 ParOldGen       total 175104K, used 14446K [0x00000006c1400000, 0x00000006cbf00000, 0x000000076b180000)
  object space 175104K, 8% used [0x00000006c1400000,0x00000006c221b9b8,0x00000006cbf00000)
 Metaspace       used 14293K, capacity 14476K, committed 14848K, reserved 1062912K
  class space    used 1355K, capacity 1411K, committed 1536K, reserved 1048576K
}
Event: 4.137 GC heap before
{Heap before GC invocations=24 (full 10):
 PSYoungGen      total 76288K, used 64K [0x000000076b180000, 0x0000000770680000, 0x00000007c0000000)
  eden space 65536K, 0% used [0x000000076b180000,0x000000076b180000,0x000000076f180000)
  from space 10752K, 0% used [0x000000076fc00000,0x000000076fc10000,0x0000000770680000)
  to   space 10752K, 0% used [0x000000076f180000,0x000000076f180000,0x000000076fc00000)
 ParOldGen       total 175104K, used 14446K [0x00000006c1400000, 0x00000006cbf00000, 0x000000076b180000)
  object space 175104K, 8% used [0x00000006c1400000,0x00000006c221b9b8,0x00000006cbf00000)
 Metaspace       used 14293K, capacity 14476K, committed 14848K, reserved 1062912K
  class space    used 1355K, capacity 1411K, committed 1536K, reserved 1048576K
Event: 4.153 GC heap after
Heap after GC invocations=24 (full 10):
 PSYoungGen      total 76288K, used 0K [0x000000076b180000, 0x0000000770680000, 0x00000007c0000000)
  eden space 65536K, 0% used [0x000000076b180000,0x000000076b180000,0x000000076f180000)
  from space 10752K, 0% used [0x000000076fc00000,0x000000076fc00000,0x0000000770680000)
  to   space 10752K, 0% used [0x000000076f180000,0x000000076f180000,0x000000076fc00000)
 ParOldGen       total 175104K, used 14445K [0x00000006c1400000, 0x00000006cbf00000, 0x000000076b180000)
  object space 175104K, 8% used [0x00000006c1400000,0x00000006c221b4f8,0x00000006cbf00000)
 Metaspace       used 14293K, capacity 14476K, committed 14848K, reserved 1062912K
  class space    used 1355K, capacity 1411K, committed 1536K, reserved 1048576K
}

