# JRE version: Java(TM) SE Runtime Environment (8.0_60-b27) (build 1.8.0_60-b27)
# Java VM: Java HotSpot(TM) 64-Bit Server VM (25.60-b23 mixed mode windows-amd64 compressed oops)
Heap:
 PSYoungGen      total 56320K, used 0K [0x000000076b180000, 0x000000076ee80000, 0x00000007c0000000)
  eden space 50176K, 0% used [0x000000076b180000,0x000000076b180000,0x000000076e280000)
  from space 6144K, 0% used [0x000000076e880000,0x000000076e880000,0x000000076ee80000)
  to   space 6144K, 0% used [0x000000076e280000,0x000000076e280000,0x000000076e880000)
 ParOldGen       total 175104K, used 23892K [0x00000006c1400000, 0x00000006cbf00000, 0x000000076b180000)
  object space 175104K, 13% used [0x00000006c1400000,0x00000006c2b55088,0x00000006cbf00000)
 Metaspace       used 14011K, capacity 14272K, committed 14592K, reserved 1062912K
  class space    used 1335K, capacity 1411K, committed 1536K, reserved 1048576K
GC Heap History (10 events):
Event: 14.197 GC heap before
{Heap before GC invocations=42 (full 12):
 PSYoungGen      total 51712K, used 51232K [0x000000076b180000, 0x000000076f180000, 0x00000007c0000000)
  eden space 51200K, 100% used [0x000000076b180000,0x000000076e380000,0x000000076e380000)
  from space 512K, 6% used [0x000000076e480000,0x000000076e488000,0x000000076e500000)
  to   space 7168K, 0% used [0x000000076ea80000,0x000000076ea80000,0x000000076f180000)
 ParOldGen       total 175104K, used 44370K [0x00000006c1400000, 0x00000006cbf00000, 0x000000076b180000)
  object space 175104K, 25% used [0x00000006c1400000,0x00000006c3f54bf8,0x00000006cbf00000)
 Metaspace       used 14005K, capacity 14266K, committed 14592K, reserved 1062912K
  class space    used 1334K, capacity 1410K, committed 1536K, reserved 1048576K
Event: 14.198 GC heap after
Heap after GC invocations=42 (full 12):
 PSYoungGen      total 55296K, used 32K [0x000000076b180000, 0x000000076ef80000, 0x00000007c0000000)
  eden space 50176K, 0% used [0x000000076b180000,0x000000076b180000,0x000000076e280000)
  from space 5120K, 0% used [0x000000076ea80000,0x000000076ea88000,0x000000076ef80000)
  to   space 6656K, 0% used [0x000000076e280000,0x000000076e280000,0x000000076e900000)
 ParOldGen       total 175104K, used 44370K [0x00000006c1400000, 0x00000006cbf00000, 0x000000076b180000)
  object space 175104K, 25% used [0x00000006c1400000,0x00000006c3f54bf8,0x00000006cbf00000)
 Metaspace       used 14005K, capacity 14266K, committed 14592K, reserved 1062912K
  class space    used 1334K, capacity 1410K, committed 1536K, reserved 1048576K
}
Event: 16.365 GC heap before
{Heap before GC invocations=43 (full 12):
 PSYoungGen      total 55296K, used 10066K [0x000000076b180000, 0x000000076ef80000, 0x00000007c0000000)
  eden space 50176K, 19% used [0x000000076b180000,0x000000076bb4c9c8,0x000000076e280000)
  from space 5120K, 0% used [0x000000076ea80000,0x000000076ea88000,0x000000076ef80000)
  to   space 6656K, 0% used [0x000000076e280000,0x000000076e280000,0x000000076e900000)
 ParOldGen       total 175104K, used 44370K [0x00000006c1400000, 0x00000006cbf00000, 0x000000076b180000)
  object space 175104K, 25% used [0x00000006c1400000,0x00000006c3f54bf8,0x00000006cbf00000)
 Metaspace       used 14011K, capacity 14272K, committed 14592K, reserved 1062912K
  class space    used 1335K, capacity 1411K, committed 1536K, reserved 1048576K
Event: 16.367 GC heap after
Heap after GC invocations=43 (full 12):
 PSYoungGen      total 50688K, used 96K [0x000000076b180000, 0x000000076ee80000, 0x00000007c0000000)
  eden space 50176K, 0% used [0x000000076b180000,0x000000076b180000,0x000000076e280000)
  from space 512K, 18% used [0x000000076e280000,0x000000076e298000,0x000000076e300000)
  to   space 6144K, 0% used [0x000000076e880000,0x000000076e880000,0x000000076ee80000)
 ParOldGen       total 175104K, used 44370K [0x00000006c1400000, 0x00000006cbf00000, 0x000000076b180000)
  object space 175104K, 25% used [0x00000006c1400000,0x00000006c3f54bf8,0x00000006cbf00000)
 Metaspace       used 14011K, capacity 14272K, committed 14592K, reserved 1062912K
  class space    used 1335K, capacity 1411K, committed 1536K, reserved 1048576K
}
Event: 16.367 GC heap before
{Heap before GC invocations=44 (full 13):
 PSYoungGen      total 50688K, used 96K [0x000000076b180000, 0x000000076ee80000, 0x00000007c0000000)
  eden space 50176K, 0% used [0x000000076b180000,0x000000076b180000,0x000000076e280000)
  from space 512K, 18% used [0x000000076e280000,0x000000076e298000,0x000000076e300000)
  to   space 6144K, 0% used [0x000000076e880000,0x000000076e880000,0x000000076ee80000)
 ParOldGen       total 175104K, used 44370K [0x00000006c1400000, 0x00000006cbf00000, 0x000000076b180000)
  object space 175104K, 25% used [0x00000006c1400000,0x00000006c3f54bf8,0x00000006cbf00000)
 Metaspace       used 14011K, capacity 14272K, committed 14592K, reserved 1062912K
  class space    used 1335K, capacity 1411K, committed 1536K, reserved 1048576K
Event: 16.459 GC heap after
Heap after GC invocations=44 (full 13):
 PSYoungGen      total 50688K, used 0K [0x000000076b180000, 0x000000076ee80000, 0x00000007c0000000)
  eden space 50176K, 0% used [0x000000076b180000,0x000000076b180000,0x000000076e280000)
  from space 512K, 0% used [0x000000076e280000,0x000000076e280000,0x000000076e300000)
  to   space 6144K, 0% used [0x000000076e880000,0x000000076e880000,0x000000076ee80000)
 ParOldGen       total 175104K, used 23893K [0x00000006c1400000, 0x00000006cbf00000, 0x000000076b180000)
  object space 175104K, 13% used [0x00000006c1400000,0x00000006c2b555e8,0x00000006cbf00000)
 Metaspace       used 14011K, capacity 14272K, committed 14592K, reserved 1062912K
  class space    used 1335K, capacity 1411K, committed 1536K, reserved 1048576K
}
Event: 16.469 GC heap before
{Heap before GC invocations=45 (full 13):
 PSYoungGen      total 50688K, used 1003K [0x000000076b180000, 0x000000076ee80000, 0x00000007c0000000)
  eden space 50176K, 1% used [0x000000076b180000,0x000000076b27adc8,0x000000076e280000)
  from space 512K, 0% used [0x000000076e280000,0x000000076e280000,0x000000076e300000)
  to   space 6144K, 0% used [0x000000076e880000,0x000000076e880000,0x000000076ee80000)
 ParOldGen       total 175104K, used 23893K [0x00000006c1400000, 0x00000006cbf00000, 0x000000076b180000)
  object space 175104K, 13% used [0x00000006c1400000,0x00000006c2b555e8,0x00000006cbf00000)
 Metaspace       used 14011K, capacity 14272K, committed 14592K, reserved 1062912K
  class space    used 1335K, capacity 1411K, committed 1536K, reserved 1048576K
Event: 16.470 GC heap after
Heap after GC invocations=45 (full 13):
 PSYoungGen      total 56320K, used 64K [0x000000076b180000, 0x000000076ee80000, 0x00000007c0000000)
  eden space 50176K, 0% used [0x000000076b180000,0x000000076b180000,0x000000076e280000)
  from space 6144K, 1% used [0x000000076e880000,0x000000076e890000,0x000000076ee80000)
  to   space 6144K, 0% used [0x000000076e280000,0x000000076e280000,0x000000076e880000)
 ParOldGen       total 175104K, used 23893K [0x00000006c1400000, 0x00000006cbf00000, 0x000000076b180000)
  object space 175104K, 13% used [0x00000006c1400000,0x00000006c2b555e8,0x00000006cbf00000)
 Metaspace       used 14011K, capacity 14272K, committed 14592K, reserved 1062912K
  class space    used 1335K, capacity 1411K, committed 1536K, reserved 1048576K
}
Event: 16.470 GC heap before
{Heap before GC invocations=46 (full 14):
 PSYoungGen      total 56320K, used 64K [0x000000076b180000, 0x000000076ee80000, 0x00000007c0000000)
  eden space 50176K, 0% used [0x000000076b180000,0x000000076b180000,0x000000076e280000)
  from space 6144K, 1% used [0x000000076e880000,0x000000076e890000,0x000000076ee80000)
  to   space 6144K, 0% used [0x000000076e280000,0x000000076e280000,0x000000076e880000)
 ParOldGen       total 175104K, used 23893K [0x00000006c1400000, 0x00000006cbf00000, 0x000000076b180000)
  object space 175104K, 13% used [0x00000006c1400000,0x00000006c2b555e8,0x00000006cbf00000)
 Metaspace       used 14011K, capacity 14272K, committed 14592K, reserved 1062912K
  class space    used 1335K, capacity 1411K, committed 1536K, reserved 1048576K
Event: 16.542 GC heap after
Heap after GC invocations=46 (full 14):
 PSYoungGen      total 56320K, used 0K [0x000000076b180000, 0x000000076ee80000, 0x00000007c0000000)
  eden space 50176K, 0% used [0x000000076b180000,0x000000076b180000,0x000000076e280000)
  from space 6144K, 0% used [0x000000076e880000,0x000000076e880000,0x000000076ee80000)
  to   space 6144K, 0% used [0x000000076e280000,0x000000076e280000,0x000000076e880000)
 ParOldGen       total 175104K, used 23892K [0x00000006c1400000, 0x00000006cbf00000, 0x000000076b180000)
  object space 175104K, 13% used [0x00000006c1400000,0x00000006c2b55088,0x00000006cbf00000)
 Metaspace       used 14011K, capacity 14272K, committed 14592K, reserved 1062912K
  class space    used 1335K, capacity 1411K, committed 1536K, reserved 1048576K
}

