# JRE version: Java(TM) SE Runtime Environment (8.0_91-b14) (build 1.8.0_91-b14)
# Java VM: Java HotSpot(TM) 64-Bit Server VM (25.91-b14 mixed mode windows-amd64 compressed oops)
Heap:
 PSYoungGen      total 76288K, used 0K [0x000000076b180000, 0x0000000770680000, 0x00000007c0000000)
  eden space 65536K, 0% used [0x000000076b180000,0x000000076b180000,0x000000076f180000)
  from space 10752K, 0% used [0x000000076f180000,0x000000076f180000,0x000000076fc00000)
  to   space 10752K, 0% used [0x000000076fc00000,0x000000076fc00000,0x0000000770680000)
 ParOldGen       total 175104K, used 14401K [0x00000006c1400000, 0x00000006cbf00000, 0x000000076b180000)
  object space 175104K, 8% used [0x00000006c1400000,0x00000006c2210520,0x00000006cbf00000)
 Metaspace       used 14004K, capacity 14280K, committed 14592K, reserved 1062912K
  class space    used 1337K, capacity 1411K, committed 1536K, reserved 1048576K
GC Heap History (10 events):
Event: 2.808 GC heap before
{Heap before GC invocations=13 (full 6):
 PSYoungGen      total 76288K, used 65536K [0x000000076b180000, 0x0000000770680000, 0x00000007c0000000)
  eden space 65536K, 100% used [0x000000076b180000,0x000000076f180000,0x000000076f180000)
  from space 10752K, 0% used [0x000000076fc00000,0x000000076fc00000,0x0000000770680000)
  to   space 10752K, 0% used [0x000000076f180000,0x000000076f180000,0x000000076fc00000)
 ParOldGen       total 175104K, used 14397K [0x00000006c1400000, 0x00000006cbf00000, 0x000000076b180000)
  object space 175104K, 8% used [0x00000006c1400000,0x00000006c220f668,0x00000006cbf00000)
 Metaspace       used 13988K, capacity 14274K, committed 14592K, reserved 1062912K
  class space    used 1336K, capacity 1410K, committed 1536K, reserved 1048576K
Event: 2.809 GC heap after
Heap after GC invocations=13 (full 6):
 PSYoungGen      total 76288K, used 64K [0x000000076b180000, 0x0000000770680000, 0x00000007c0000000)
  eden space 65536K, 0% used [0x000000076b180000,0x000000076b180000,0x000000076f180000)
  from space 10752K, 0% used [0x000000076f180000,0x000000076f190000,0x000000076fc00000)
  to   space 10752K, 0% used [0x000000076fc00000,0x000000076fc00000,0x0000000770680000)
 ParOldGen       total 175104K, used 14397K [0x00000006c1400000, 0x00000006cbf00000, 0x000000076b180000)
  object space 175104K, 8% used [0x00000006c1400000,0x00000006c220f668,0x00000006cbf00000)
 Metaspace       used 13988K, capacity 14274K, committed 14592K, reserved 1062912K
  class space    used 1336K, capacity 1410K, committed 1536K, reserved 1048576K
}
Event: 2.894 GC heap before
{Heap before GC invocations=14 (full 6):
 PSYoungGen      total 76288K, used 21953K [0x000000076b180000, 0x0000000770680000, 0x00000007c0000000)
  eden space 65536K, 33% used [0x000000076b180000,0x000000076c6e06b0,0x000000076f180000)
  from space 10752K, 0% used [0x000000076f180000,0x000000076f190000,0x000000076fc00000)
  to   space 10752K, 0% used [0x000000076fc00000,0x000000076fc00000,0x0000000770680000)
 ParOldGen       total 175104K, used 14397K [0x00000006c1400000, 0x00000006cbf00000, 0x000000076b180000)
  object space 175104K, 8% used [0x00000006c1400000,0x00000006c220f668,0x00000006cbf00000)
 Metaspace       used 14004K, capacity 14280K, committed 14592K, reserved 1062912K
  class space    used 1337K, capacity 1411K, committed 1536K, reserved 1048576K
Event: 2.895 GC heap after
Heap after GC invocations=14 (full 6):
 PSYoungGen      total 76288K, used 128K [0x000000076b180000, 0x0000000770680000, 0x00000007c0000000)
  eden space 65536K, 0% used [0x000000076b180000,0x000000076b180000,0x000000076f180000)
  from space 10752K, 1% used [0x000000076fc00000,0x000000076fc20000,0x0000000770680000)
  to   space 10752K, 0% used [0x000000076f180000,0x000000076f180000,0x000000076fc00000)
 ParOldGen       total 175104K, used 14405K [0x00000006c1400000, 0x00000006cbf00000, 0x000000076b180000)
  object space 175104K, 8% used [0x00000006c1400000,0x00000006c2211668,0x00000006cbf00000)
 Metaspace       used 14004K, capacity 14280K, committed 14592K, reserved 1062912K
  class space    used 1337K, capacity 1411K, committed 1536K, reserved 1048576K
}
Event: 2.895 GC heap before
{Heap before GC invocations=15 (full 7):
 PSYoungGen      total 76288K, used 128K [0x000000076b180000, 0x0000000770680000, 0x00000007c0000000)
  eden space 65536K, 0% used [0x000000076b180000,0x000000076b180000,0x000000076f180000)
  from space 10752K, 1% used [0x000000076fc00000,0x000000076fc20000,0x0000000770680000)
  to   space 10752K, 0% used [0x000000076f180000,0x000000076f180000,0x000000076fc00000)
 ParOldGen       total 175104K, used 14405K [0x00000006c1400000, 0x00000006cbf00000, 0x000000076b180000)
  object space 175104K, 8% used [0x00000006c1400000,0x00000006c2211668,0x00000006cbf00000)
 Metaspace       used 14004K, capacity 14280K, committed 14592K, reserved 1062912K
  class space    used 1337K, capacity 1411K, committed 1536K, reserved 1048576K
Event: 2.914 GC heap after
Heap after GC invocations=15 (full 7):
 PSYoungGen      total 76288K, used 0K [0x000000076b180000, 0x0000000770680000, 0x00000007c0000000)
  eden space 65536K, 0% used [0x000000076b180000,0x000000076b180000,0x000000076f180000)
  from space 10752K, 0% used [0x000000076fc00000,0x000000076fc00000,0x0000000770680000)
  to   space 10752K, 0% used [0x000000076f180000,0x000000076f180000,0x000000076fc00000)
 ParOldGen       total 175104K, used 14402K [0x00000006c1400000, 0x00000006cbf00000, 0x000000076b180000)
  object space 175104K, 8% used [0x00000006c1400000,0x00000006c22109e0,0x00000006cbf00000)
 Metaspace       used 14004K, capacity 14280K, committed 14592K, reserved 1062912K
  class space    used 1337K, capacity 1411K, committed 1536K, reserved 1048576K
}
Event: 2.924 GC heap before
{Heap before GC invocations=16 (full 7):
 PSYoungGen      total 76288K, used 884K [0x000000076b180000, 0x0000000770680000, 0x00000007c0000000)
  eden space 65536K, 1% used [0x000000076b180000,0x000000076b25d318,0x000000076f180000)
  from space 10752K, 0% used [0x000000076fc00000,0x000000076fc00000,0x0000000770680000)
  to   space 10752K, 0% used [0x000000076f180000,0x000000076f180000,0x000000076fc00000)
 ParOldGen       total 175104K, used 14402K [0x00000006c1400000, 0x00000006cbf00000, 0x000000076b180000)
  object space 175104K, 8% used [0x00000006c1400000,0x00000006c22109e0,0x00000006cbf00000)
 Metaspace       used 14004K, capacity 14280K, committed 14592K, reserved 1062912K
  class space    used 1337K, capacity 1411K, committed 1536K, reserved 1048576K
Event: 2.924 GC heap after
Heap after GC invocations=16 (full 7):
 PSYoungGen      total 76288K, used 64K [0x000000076b180000, 0x0000000770680000, 0x00000007c0000000)
  eden space 65536K, 0% used [0x000000076b180000,0x000000076b180000,0x000000076f180000)
  from space 10752K, 0% used [0x000000076f180000,0x000000076f190000,0x000000076fc00000)
  to   space 10752K, 0% used [0x000000076fc00000,0x000000076fc00000,0x0000000770680000)
 ParOldGen       total 175104K, used 14402K [0x00000006c1400000, 0x00000006cbf00000, 0x000000076b180000)
  object space 175104K, 8% used [0x00000006c1400000,0x00000006c22109e0,0x00000006cbf00000)
 Metaspace       used 14004K, capacity 14280K, committed 14592K, reserved 1062912K
  class space    used 1337K, capacity 1411K, committed 1536K, reserved 1048576K
}
Event: 2.925 GC heap before
{Heap before GC invocations=17 (full 8):
 PSYoungGen      total 76288K, used 64K [0x000000076b180000, 0x0000000770680000, 0x00000007c0000000)
  eden space 65536K, 0% used [0x000000076b180000,0x000000076b180000,0x000000076f180000)
  from space 10752K, 0% used [0x000000076f180000,0x000000076f190000,0x000000076fc00000)
  to   space 10752K, 0% used [0x000000076fc00000,0x000000076fc00000,0x0000000770680000)
 ParOldGen       total 175104K, used 14402K [0x00000006c1400000, 0x00000006cbf00000, 0x000000076b180000)
  object space 175104K, 8% used [0x00000006c1400000,0x00000006c22109e0,0x00000006cbf00000)
 Metaspace       used 14004K, capacity 14280K, committed 14592K, reserved 1062912K
  class space    used 1337K, capacity 1411K, committed 1536K, reserved 1048576K
Event: 2.941 GC heap after
Heap after GC invocations=17 (full 8):
 PSYoungGen      total 76288K, used 0K [0x000000076b180000, 0x0000000770680000, 0x00000007c0000000)
  eden space 65536K, 0% used [0x000000076b180000,0x000000076b180000,0x000000076f180000)
  from space 10752K, 0% used [0x000000076f180000,0x000000076f180000,0x000000076fc00000)
  to   space 10752K, 0% used [0x000000076fc00000,0x000000076fc00000,0x0000000770680000)
 ParOldGen       total 175104K, used 14401K [0x00000006c1400000, 0x00000006cbf00000, 0x000000076b180000)
  object space 175104K, 8% used [0x00000006c1400000,0x00000006c2210520,0x00000006cbf00000)
 Metaspace       used 14004K, capacity 14280K, committed 14592K, reserved 1062912K
  class space    used 1337K, capacity 1411K, committed 1536K, reserved 1048576K
}

