# JRE version: Java(TM) SE Runtime Environment (8.0_60-b27) (build 1.8.0_60-b27)
# Java VM: Java HotSpot(TM) 64-Bit Server VM (25.60-b23 mixed mode windows-amd64 compressed oops)
Heap:
 PSYoungGen      total 76288K, used 0K [0x000000076b180000, 0x0000000770680000, 0x00000007c0000000)
  eden space 65536K, 0% used [0x000000076b180000,0x000000076b180000,0x000000076f180000)
  from space 10752K, 0% used [0x000000076fc00000,0x000000076fc00000,0x0000000770680000)
  to   space 10752K, 0% used [0x000000076f180000,0x000000076f180000,0x000000076fc00000)
 ParOldGen       total 175104K, used 23894K [0x00000006c1400000, 0x00000006cbf00000, 0x000000076b180000)
  object space 175104K, 13% used [0x00000006c1400000,0x00000006c2b559c0,0x00000006cbf00000)
 Metaspace       used 14013K, capacity 14284K, committed 14592K, reserved 1062912K
  class space    used 1337K, capacity 1413K, committed 1536K, reserved 1048576K
GC Heap History (10 events):
Event: 6.554 GC heap before
{Heap before GC invocations=36 (full 16):
 PSYoungGen      total 76288K, used 65568K [0x000000076b180000, 0x0000000770680000, 0x00000007c0000000)
  eden space 65536K, 100% used [0x000000076b180000,0x000000076f180000,0x000000076f180000)
  from space 10752K, 0% used [0x000000076f180000,0x000000076f188000,0x000000076fc00000)
  to   space 10752K, 0% used [0x000000076fc00000,0x000000076fc00000,0x0000000770680000)
 ParOldGen       total 175104K, used 44370K [0x00000006c1400000, 0x00000006cbf00000, 0x000000076b180000)
  object space 175104K, 25% used [0x00000006c1400000,0x00000006c3f54998,0x00000006cbf00000)
 Metaspace       used 14001K, capacity 14272K, committed 14592K, reserved 1062912K
  class space    used 1335K, capacity 1411K, committed 1536K, reserved 1048576K
Event: 6.555 GC heap after
Heap after GC invocations=36 (full 16):
 PSYoungGen      total 76288K, used 32K [0x000000076b180000, 0x0000000770680000, 0x00000007c0000000)
  eden space 65536K, 0% used [0x000000076b180000,0x000000076b180000,0x000000076f180000)
  from space 10752K, 0% used [0x000000076fc00000,0x000000076fc08000,0x0000000770680000)
  to   space 10752K, 0% used [0x000000076f180000,0x000000076f180000,0x000000076fc00000)
 ParOldGen       total 175104K, used 44370K [0x00000006c1400000, 0x00000006cbf00000, 0x000000076b180000)
  object space 175104K, 25% used [0x00000006c1400000,0x00000006c3f54998,0x00000006cbf00000)
 Metaspace       used 14001K, capacity 14272K, committed 14592K, reserved 1062912K
  class space    used 1335K, capacity 1411K, committed 1536K, reserved 1048576K
}
Event: 8.933 GC heap before
{Heap before GC invocations=37 (full 16):
 PSYoungGen      total 76288K, used 48447K [0x000000076b180000, 0x0000000770680000, 0x00000007c0000000)
  eden space 65536K, 73% used [0x000000076b180000,0x000000076e0c7fd0,0x000000076f180000)
  from space 10752K, 0% used [0x000000076fc00000,0x000000076fc08000,0x0000000770680000)
  to   space 10752K, 0% used [0x000000076f180000,0x000000076f180000,0x000000076fc00000)
 ParOldGen       total 175104K, used 44370K [0x00000006c1400000, 0x00000006cbf00000, 0x000000076b180000)
  object space 175104K, 25% used [0x00000006c1400000,0x00000006c3f54998,0x00000006cbf00000)
 Metaspace       used 14013K, capacity 14284K, committed 14592K, reserved 1062912K
  class space    used 1337K, capacity 1413K, committed 1536K, reserved 1048576K
Event: 8.935 GC heap after
Heap after GC invocations=37 (full 16):
 PSYoungGen      total 76288K, used 128K [0x000000076b180000, 0x0000000770680000, 0x00000007c0000000)
  eden space 65536K, 0% used [0x000000076b180000,0x000000076b180000,0x000000076f180000)
  from space 10752K, 1% used [0x000000076f180000,0x000000076f1a0000,0x000000076fc00000)
  to   space 10752K, 0% used [0x000000076fc00000,0x000000076fc00000,0x0000000770680000)
 ParOldGen       total 175104K, used 44378K [0x00000006c1400000, 0x00000006cbf00000, 0x000000076b180000)
  object space 175104K, 25% used [0x00000006c1400000,0x00000006c3f56998,0x00000006cbf00000)
 Metaspace       used 14013K, capacity 14284K, committed 14592K, reserved 1062912K
  class space    used 1337K, capacity 1413K, committed 1536K, reserved 1048576K
}
Event: 8.935 GC heap before
{Heap before GC invocations=38 (full 17):
 PSYoungGen      total 76288K, used 128K [0x000000076b180000, 0x0000000770680000, 0x00000007c0000000)
  eden space 65536K, 0% used [0x000000076b180000,0x000000076b180000,0x000000076f180000)
  from space 10752K, 1% used [0x000000076f180000,0x000000076f1a0000,0x000000076fc00000)
  to   space 10752K, 0% used [0x000000076fc00000,0x000000076fc00000,0x0000000770680000)
 ParOldGen       total 175104K, used 44378K [0x00000006c1400000, 0x00000006cbf00000, 0x000000076b180000)
  object space 175104K, 25% used [0x00000006c1400000,0x00000006c3f56998,0x00000006cbf00000)
 Metaspace       used 14013K, capacity 14284K, committed 14592K, reserved 1062912K
  class space    used 1337K, capacity 1413K, committed 1536K, reserved 1048576K
Event: 9.035 GC heap after
Heap after GC invocations=38 (full 17):
 PSYoungGen      total 76288K, used 0K [0x000000076b180000, 0x0000000770680000, 0x00000007c0000000)
  eden space 65536K, 0% used [0x000000076b180000,0x000000076b180000,0x000000076f180000)
  from space 10752K, 0% used [0x000000076f180000,0x000000076f180000,0x000000076fc00000)
  to   space 10752K, 0% used [0x000000076fc00000,0x000000076fc00000,0x0000000770680000)
 ParOldGen       total 175104K, used 23895K [0x00000006c1400000, 0x00000006cbf00000, 0x000000076b180000)
  object space 175104K, 13% used [0x00000006c1400000,0x00000006c2b55f20,0x00000006cbf00000)
 Metaspace       used 14013K, capacity 14284K, committed 14592K, reserved 1062912K
  class space    used 1337K, capacity 1413K, committed 1536K, reserved 1048576K
}
Event: 9.044 GC heap before
{Heap before GC invocations=39 (full 17):
 PSYoungGen      total 76288K, used 1242K [0x000000076b180000, 0x0000000770680000, 0x00000007c0000000)
  eden space 65536K, 1% used [0x000000076b180000,0x000000076b2b6ba0,0x000000076f180000)
  from space 10752K, 0% used [0x000000076f180000,0x000000076f180000,0x000000076fc00000)
  to   space 10752K, 0% used [0x000000076fc00000,0x000000076fc00000,0x0000000770680000)
 ParOldGen       total 175104K, used 23895K [0x00000006c1400000, 0x00000006cbf00000, 0x000000076b180000)
  object space 175104K, 13% used [0x00000006c1400000,0x00000006c2b55f20,0x00000006cbf00000)
 Metaspace       used 14013K, capacity 14284K, committed 14592K, reserved 1062912K
  class space    used 1337K, capacity 1413K, committed 1536K, reserved 1048576K
Event: 9.045 GC heap after
Heap after GC invocations=39 (full 17):
 PSYoungGen      total 76288K, used 32K [0x000000076b180000, 0x0000000770680000, 0x00000007c0000000)
  eden space 65536K, 0% used [0x000000076b180000,0x000000076b180000,0x000000076f180000)
  from space 10752K, 0% used [0x000000076fc00000,0x000000076fc08000,0x0000000770680000)
  to   space 10752K, 0% used [0x000000076f180000,0x000000076f180000,0x000000076fc00000)
 ParOldGen       total 175104K, used 23895K [0x00000006c1400000, 0x00000006cbf00000, 0x000000076b180000)
  object space 175104K, 13% used [0x00000006c1400000,0x00000006c2b55f20,0x00000006cbf00000)
 Metaspace       used 14013K, capacity 14284K, committed 14592K, reserved 1062912K
  class space    used 1337K, capacity 1413K, committed 1536K, reserved 1048576K
}
Event: 9.045 GC heap before
{Heap before GC invocations=40 (full 18):
 PSYoungGen      total 76288K, used 32K [0x000000076b180000, 0x0000000770680000, 0x00000007c0000000)
  eden space 65536K, 0% used [0x000000076b180000,0x000000076b180000,0x000000076f180000)
  from space 10752K, 0% used [0x000000076fc00000,0x000000076fc08000,0x0000000770680000)
  to   space 10752K, 0% used [0x000000076f180000,0x000000076f180000,0x000000076fc00000)
 ParOldGen       total 175104K, used 23895K [0x00000006c1400000, 0x00000006cbf00000, 0x000000076b180000)
  object space 175104K, 13% used [0x00000006c1400000,0x00000006c2b55f20,0x00000006cbf00000)
 Metaspace       used 14013K, capacity 14284K, committed 14592K, reserved 1062912K
  class space    used 1337K, capacity 1413K, committed 1536K, reserved 1048576K
Event: 9.108 GC heap after
Heap after GC invocations=40 (full 18):
 PSYoungGen      total 76288K, used 0K [0x000000076b180000, 0x0000000770680000, 0x00000007c0000000)
  eden space 65536K, 0% used [0x000000076b180000,0x000000076b180000,0x000000076f180000)
  from space 10752K, 0% used [0x000000076fc00000,0x000000076fc00000,0x0000000770680000)
  to   space 10752K, 0% used [0x000000076f180000,0x000000076f180000,0x000000076fc00000)
 ParOldGen       total 175104K, used 23894K [0x00000006c1400000, 0x00000006cbf00000, 0x000000076b180000)
  object space 175104K, 13% used [0x00000006c1400000,0x00000006c2b559c0,0x00000006cbf00000)
 Metaspace       used 14013K, capacity 14284K, committed 14592K, reserved 1062912K
  class space    used 1337K, capacity 1413K, committed 1536K, reserved 1048576K
}

