# JRE version: Java(TM) SE Runtime Environment (8.0_91-b14) (build 1.8.0_91-b14)
# Java VM: Java HotSpot(TM) 64-Bit Server VM (25.91-b14 mixed mode windows-amd64 compressed oops)
Heap:
 PSYoungGen      total 76288K, used 0K [0x000000076b180000, 0x0000000770680000, 0x00000007c0000000)
  eden space 65536K, 0% used [0x000000076b180000,0x000000076b180050,0x000000076f180000)
  from space 10752K, 0% used [0x000000076f180000,0x000000076f180000,0x000000076fc00000)
  to   space 10752K, 0% used [0x000000076fc00000,0x000000076fc00000,0x0000000770680000)
 ParOldGen       total 175104K, used 14468K [0x00000006c1400000, 0x00000006cbf00000, 0x000000076b180000)
  object space 175104K, 8% used [0x00000006c1400000,0x00000006c2221040,0x00000006cbf00000)
 Metaspace       used 14289K, capacity 14476K, committed 14848K, reserved 1062912K
  class space    used 1358K, capacity 1411K, committed 1536K, reserved 1048576K
GC Heap History (10 events):
Event: 4.074 GC heap before
{Heap before GC invocations=13 (full 6):
 PSYoungGen      total 76288K, used 65536K [0x000000076b180000, 0x0000000770680000, 0x00000007c0000000)
  eden space 65536K, 100% used [0x000000076b180000,0x000000076f180000,0x000000076f180000)
  from space 10752K, 0% used [0x000000076fc00000,0x000000076fc00000,0x0000000770680000)
  to   space 10752K, 0% used [0x000000076f180000,0x000000076f180000,0x000000076fc00000)
 ParOldGen       total 175104K, used 14464K [0x00000006c1400000, 0x00000006cbf00000, 0x000000076b180000)
  object space 175104K, 8% used [0x00000006c1400000,0x00000006c2220188,0x00000006cbf00000)
 Metaspace       used 14273K, capacity 14470K, committed 14848K, reserved 1062912K
  class space    used 1357K, capacity 1410K, committed 1536K, reserved 1048576K
Event: 4.074 GC heap after
Heap after GC invocations=13 (full 6):
 PSYoungGen      total 76288K, used 96K [0x000000076b180000, 0x0000000770680000, 0x00000007c0000000)
  eden space 65536K, 0% used [0x000000076b180000,0x000000076b180000,0x000000076f180000)
  from space 10752K, 0% used [0x000000076f180000,0x000000076f198000,0x000000076fc00000)
  to   space 10752K, 0% used [0x000000076fc00000,0x000000076fc00000,0x0000000770680000)
 ParOldGen       total 175104K, used 14464K [0x00000006c1400000, 0x00000006cbf00000, 0x000000076b180000)
  object space 175104K, 8% used [0x00000006c1400000,0x00000006c2220188,0x00000006cbf00000)
 Metaspace       used 14273K, capacity 14470K, committed 14848K, reserved 1062912K
  class space    used 1357K, capacity 1410K, committed 1536K, reserved 1048576K
}
Event: 4.276 GC heap before
{Heap before GC invocations=14 (full 6):
 PSYoungGen      total 76288K, used 50297K [0x000000076b180000, 0x0000000770680000, 0x00000007c0000000)
  eden space 65536K, 76% used [0x000000076b180000,0x000000076e2867b0,0x000000076f180000)
  from space 10752K, 0% used [0x000000076f180000,0x000000076f198000,0x000000076fc00000)
  to   space 10752K, 0% used [0x000000076fc00000,0x000000076fc00000,0x0000000770680000)
 ParOldGen       total 175104K, used 14464K [0x00000006c1400000, 0x00000006cbf00000, 0x000000076b180000)
  object space 175104K, 8% used [0x00000006c1400000,0x00000006c2220188,0x00000006cbf00000)
 Metaspace       used 14288K, capacity 14476K, committed 14848K, reserved 1062912K
  class space    used 1358K, capacity 1411K, committed 1536K, reserved 1048576K
Event: 4.276 GC heap after
Heap after GC invocations=14 (full 6):
 PSYoungGen      total 76288K, used 128K [0x000000076b180000, 0x0000000770680000, 0x00000007c0000000)
  eden space 65536K, 0% used [0x000000076b180000,0x000000076b180000,0x000000076f180000)
  from space 10752K, 1% used [0x000000076fc00000,0x000000076fc20000,0x0000000770680000)
  to   space 10752K, 0% used [0x000000076f180000,0x000000076f180000,0x000000076fc00000)
 ParOldGen       total 175104K, used 14464K [0x00000006c1400000, 0x00000006cbf00000, 0x000000076b180000)
  object space 175104K, 8% used [0x00000006c1400000,0x00000006c2220188,0x00000006cbf00000)
 Metaspace       used 14288K, capacity 14476K, committed 14848K, reserved 1062912K
  class space    used 1358K, capacity 1411K, committed 1536K, reserved 1048576K
}
Event: 4.276 GC heap before
{Heap before GC invocations=15 (full 7):
 PSYoungGen      total 76288K, used 128K [0x000000076b180000, 0x0000000770680000, 0x00000007c0000000)
  eden space 65536K, 0% used [0x000000076b180000,0x000000076b180000,0x000000076f180000)
  from space 10752K, 1% used [0x000000076fc00000,0x000000076fc20000,0x0000000770680000)
  to   space 10752K, 0% used [0x000000076f180000,0x000000076f180000,0x000000076fc00000)
 ParOldGen       total 175104K, used 14464K [0x00000006c1400000, 0x00000006cbf00000, 0x000000076b180000)
  object space 175104K, 8% used [0x00000006c1400000,0x00000006c2220188,0x00000006cbf00000)
 Metaspace       used 14288K, capacity 14476K, committed 14848K, reserved 1062912K
  class space    used 1358K, capacity 1411K, committed 1536K, reserved 1048576K
Event: 4.297 GC heap after
Heap after GC invocations=15 (full 7):
 PSYoungGen      total 76288K, used 0K [0x000000076b180000, 0x0000000770680000, 0x00000007c0000000)
  eden space 65536K, 0% used [0x000000076b180000,0x000000076b180000,0x000000076f180000)
  from space 10752K, 0% used [0x000000076fc00000,0x000000076fc00000,0x0000000770680000)
  to   space 10752K, 0% used [0x000000076f180000,0x000000076f180000,0x000000076fc00000)
 ParOldGen       total 175104K, used 14469K [0x00000006c1400000, 0x00000006cbf00000, 0x000000076b180000)
  object space 175104K, 8% used [0x00000006c1400000,0x00000006c2221500,0x00000006cbf00000)
 Metaspace       used 14288K, capacity 14476K, committed 14848K, reserved 1062912K
  class space    used 1358K, capacity 1411K, committed 1536K, reserved 1048576K
}
Event: 4.306 GC heap before
{Heap before GC invocations=16 (full 7):
 PSYoungGen      total 76288K, used 1019K [0x000000076b180000, 0x0000000770680000, 0x00000007c0000000)
  eden space 65536K, 1% used [0x000000076b180000,0x000000076b27ef28,0x000000076f180000)
  from space 10752K, 0% used [0x000000076fc00000,0x000000076fc00000,0x0000000770680000)
  to   space 10752K, 0% used [0x000000076f180000,0x000000076f180000,0x000000076fc00000)
 ParOldGen       total 175104K, used 14469K [0x00000006c1400000, 0x00000006cbf00000, 0x000000076b180000)
  object space 175104K, 8% used [0x00000006c1400000,0x00000006c2221500,0x00000006cbf00000)
 Metaspace       used 14289K, capacity 14476K, committed 14848K, reserved 1062912K
  class space    used 1358K, capacity 1411K, committed 1536K, reserved 1048576K
Event: 4.307 GC heap after
Heap after GC invocations=16 (full 7):
 PSYoungGen      total 76288K, used 64K [0x000000076b180000, 0x0000000770680000, 0x00000007c0000000)
  eden space 65536K, 0% used [0x000000076b180000,0x000000076b180000,0x000000076f180000)
  from space 10752K, 0% used [0x000000076f180000,0x000000076f190000,0x000000076fc00000)
  to   space 10752K, 0% used [0x000000076fc00000,0x000000076fc00000,0x0000000770680000)
 ParOldGen       total 175104K, used 14469K [0x00000006c1400000, 0x00000006cbf00000, 0x000000076b180000)
  object space 175104K, 8% used [0x00000006c1400000,0x00000006c2221500,0x00000006cbf00000)
 Metaspace       used 14289K, capacity 14476K, committed 14848K, reserved 1062912K
  class space    used 1358K, capacity 1411K, committed 1536K, reserved 1048576K
}
Event: 4.307 GC heap before
{Heap before GC invocations=17 (full 8):
 PSYoungGen      total 76288K, used 64K [0x000000076b180000, 0x0000000770680000, 0x00000007c0000000)
  eden space 65536K, 0% used [0x000000076b180000,0x000000076b180000,0x000000076f180000)
  from space 10752K, 0% used [0x000000076f180000,0x000000076f190000,0x000000076fc00000)
  to   space 10752K, 0% used [0x000000076fc00000,0x000000076fc00000,0x0000000770680000)
 ParOldGen       total 175104K, used 14469K [0x00000006c1400000, 0x00000006cbf00000, 0x000000076b180000)
  object space 175104K, 8% used [0x00000006c1400000,0x00000006c2221500,0x00000006cbf00000)
 Metaspace       used 14289K, capacity 14476K, committed 14848K, reserved 1062912K
  class space    used 1358K, capacity 1411K, committed 1536K, reserved 1048576K
Event: 4.326 GC heap after
Heap after GC invocations=17 (full 8):
 PSYoungGen      total 76288K, used 0K [0x000000076b180000, 0x0000000770680000, 0x00000007c0000000)
  eden space 65536K, 0% used [0x000000076b180000,0x000000076b180000,0x000000076f180000)
  from space 10752K, 0% used [0x000000076f180000,0x000000076f180000,0x000000076fc00000)
  to   space 10752K, 0% used [0x000000076fc00000,0x000000076fc00000,0x0000000770680000)
 ParOldGen       total 175104K, used 14468K [0x00000006c1400000, 0x00000006cbf00000, 0x000000076b180000)
  object space 175104K, 8% used [0x00000006c1400000,0x00000006c2221040,0x00000006cbf00000)
 Metaspace       used 14289K, capacity 14476K, committed 14848K, reserved 1062912K
  class space    used 1358K, capacity 1411K, committed 1536K, reserved 1048576K
}

